\BOOKMARK [1][-]{section.1}{Introduction}{}% 1
\BOOKMARK [1][-]{section.2}{Related Work}{}% 2
\BOOKMARK [1][-]{section.3}{Background}{}% 3
\BOOKMARK [2][-]{subsection.3.1}{Problem Setting}{section.3}% 4
\BOOKMARK [1][-]{section.4}{Method}{}% 5
\BOOKMARK [2][-]{subsection.4.1}{NCA Model Architecture}{section.4}% 6
\BOOKMARK [2][-]{subsection.4.2}{Stochastic Adaptive Fire Rate}{section.4}% 7
\BOOKMARK [2][-]{subsection.4.3}{Training Procedure}{section.4}% 8
\BOOKMARK [2][-]{subsection.4.4}{Experimental Setup and Evaluation Metrics}{section.4}% 9
\BOOKMARK [1][-]{section.5}{Experimental Setup}{}% 10
\BOOKMARK [2][-]{subsection.5.1}{Dataset}{section.5}% 11
\BOOKMARK [2][-]{subsection.5.2}{Evaluation Metrics}{section.5}% 12
\BOOKMARK [2][-]{subsection.5.3}{Hyperparameters}{section.5}% 13
\BOOKMARK [2][-]{subsection.5.4}{Implementation Details}{section.5}% 14
\BOOKMARK [2][-]{subsection.5.5}{Dataset}{section.5}% 15
\BOOKMARK [2][-]{subsection.5.6}{Evaluation Metrics}{section.5}% 16
\BOOKMARK [2][-]{subsection.5.7}{Hyperparameters}{section.5}% 17
\BOOKMARK [2][-]{subsection.5.8}{Implementation Details}{section.5}% 18
\BOOKMARK [1][-]{section.6}{Results}{}% 19
\BOOKMARK [2][-]{subsection.6.1}{Hyperparameters and Fairness}{section.6}% 20
\BOOKMARK [2][-]{subsection.6.2}{Final Training Loss and Total Training Time}{section.6}% 21
\BOOKMARK [2][-]{subsection.6.3}{Comparison to Baselines}{section.6}% 22
\BOOKMARK [2][-]{subsection.6.4}{Ablation Studies}{section.6}% 23
\BOOKMARK [2][-]{subsection.6.5}{Limitations}{section.6}% 24
\BOOKMARK [1][-]{section.7}{Conclusions and Future Work}{}% 25
